<?xml version="1.0" encoding="UTF-8"?>
<!-- Generated by org.testng.reporters.JUnitReportReporter -->
<testsuite hostname="EzhilVanans-MBP.lan" failures="0" tests="21" name="testRunner.Mypateients" time="0.326" errors="3" timestamp="2022-06-13T13:29:58 CDT" skipped="0">
  <testcase classname="testRunner.Mypateients" name="runScenario" time="0.006"/>
  <system-out/>
  <testcase classname="testRunner.Mypateients" name="runScenario" time="0.019"/>
  <system-out/>
  <testcase classname="testRunner.Mypateients" name="runScenario" time="0.007"/>
  <system-out/>
  <testcase classname="testRunner.Mypateients" name="runScenario" time="0.079"/>
  <system-out/>
  <testcase classname="testRunner.Mypateients" name="runScenario" time="0.025"/>
  <system-out/>
  <testcase classname="testRunner.Mypateients" name="runScenario" time="0.016"/>
  <system-out/>
  <testcase classname="testRunner.Mypateients" name="runScenario" time="0.006"/>
  <system-out/>
  <testcase classname="testRunner.Mypateients" name="runScenario" time="0.009">
    <error message="TODO: implement me" type="io.cucumber.java.PendingException">
      <![CDATA[io.cucumber.java.PendingException: TODO: implement me
at stepDefinition.patientsTestReport.user_clicks_view_previous_test_reports(patientsTestReport.java:17)
at ✽.User clicks  View Previous Test Reports(file:///Users/ezhilvanan/eclipse-workspace/SDET/Dietician_UI/src/test/resources/feature/patientsTestReport.feature:15)
]]>
    </error>
  </testcase> <!-- runScenario -->
  <system-out/>
  <testcase classname="testRunner.Mypateients" name="runScenario" time="0.018"/>
  <system-out/>
  <testcase classname="testRunner.Mypateients" name="runScenario" time="0.022"/>
  <system-out/>
  <testcase classname="testRunner.Mypateients" name="runScenario" time="0.008"/>
  <system-out/>
  <testcase classname="testRunner.Mypateients" name="runScenario" time="0.005">
    <error message="TODO: implement me" type="io.cucumber.java.PendingException">
      <![CDATA[io.cucumber.java.PendingException: TODO: implement me
at stepDefinition.patientsTestReport.user_clicks_view_previous_test_reports(patientsTestReport.java:17)
at ✽.User clicks  View Previous Test Reports(file:///Users/ezhilvanan/eclipse-workspace/SDET/Dietician_UI/src/test/resources/feature/patientsTestReport.feature:20)
]]>
    </error>
  </testcase> <!-- runScenario -->
  <system-out/>
  <testcase classname="testRunner.Mypateients" name="runScenario" time="0.011"/>
  <system-out/>
  <testcase classname="testRunner.Mypateients" name="runScenario" time="0.005"/>
  <system-out/>
  <testcase classname="testRunner.Mypateients" name="runScenario" time="0.008">
    <error message="TODO: implement me" type="io.cucumber.java.PendingException">
      <![CDATA[io.cucumber.java.PendingException: TODO: implement me
at stepDefinition.patientsTestReport.user_clicks_view_previous_test_reports(patientsTestReport.java:17)
at ✽.User clicks  View Previous Test Reports(file:///Users/ezhilvanan/eclipse-workspace/SDET/Dietician_UI/src/test/resources/feature/patientsTestReport.feature:8)
]]>
    </error>
  </testcase> <!-- runScenario -->
  <system-out/>
  <testcase classname="testRunner.Mypateients" name="runScenario" time="0.006"/>
  <system-out/>
  <testcase classname="testRunner.Mypateients" name="runScenario" time="0.019"/>
  <system-out/>
  <testcase classname="testRunner.Mypateients" name="runScenario" time="0.026"/>
  <system-out/>
  <testcase classname="testRunner.Mypateients" name="runScenario" time="0.017"/>
  <system-out/>
  <testcase classname="testRunner.Mypateients" name="runScenario" time="0.007"/>
  <system-out/>
  <testcase classname="testRunner.Mypateients" name="runScenario" time="0.007"/>
  <system-out/>
</testsuite> <!-- testRunner.Mypateients -->
